<?xml version="1.0" encoding="UTF-8"?>
<!-- Generated by org.testng.reporters.JUnitXMLReporter -->
<testsuite ignored="0" hostname="DESKTOP-UGAA381" failures="0" tests="3" name="Test" time="0.066" errors="0" timestamp="2025-03-02T12:42:04 IST">
  <testcase classname="testBase.BaseClass" name="@BeforeClass setup" time="-1.740899524137E9">
    <failure type="org.testng.TestNGException" message="
Parameter &amp;apos;os&amp;apos; is required by BeforeClass on method setup but has not been marked @Optional or defined
in C:\Users\Nokia\Documents\DanishWorkspace\Opencart\grouping.xml">
      <![CDATA[org.testng.TestNGException: 
Parameter 'os' is required by BeforeClass on method setup but has not been marked @Optional or defined
in C:\Users\Nokia\Documents\DanishWorkspace\Opencart\grouping.xml
at java.base/java.util.ArrayList.forEach(ArrayList.java:1597)
... Removed 22 stack frames]]>
    </failure>
  </testcase> <!-- @BeforeClass setup -->
  <testcase classname="testBase.BaseClass" name="@AfterClass closeBrowser" time="0.0">
    <skipped/>
  </testcase> <!-- @AfterClass closeBrowser -->
  <testcase classname="testBase.BaseClass" name="@BeforeClass setup" time="-1.740899524173E9">
    <failure type="org.testng.TestNGException" message="
Parameter &amp;apos;os&amp;apos; is required by BeforeClass on method setup but has not been marked @Optional or defined
in C:\Users\Nokia\Documents\DanishWorkspace\Opencart\grouping.xml">
      <![CDATA[org.testng.TestNGException: 
Parameter 'os' is required by BeforeClass on method setup but has not been marked @Optional or defined
in C:\Users\Nokia\Documents\DanishWorkspace\Opencart\grouping.xml
at java.base/java.util.ArrayList.forEach(ArrayList.java:1597)
... Removed 22 stack frames]]>
    </failure>
  </testcase> <!-- @BeforeClass setup -->
  <testcase classname="testBase.BaseClass" name="@AfterClass closeBrowser" time="0.0">
    <skipped/>
  </testcase> <!-- @AfterClass closeBrowser -->
  <testcase classname="testCases.MyAccountAndRegistration" name="homeAndRegistration" time="0.0">
    <skipped/>
  </testcase> <!-- homeAndRegistration -->
  <testcase classname="testCases.LoginTestCase" name="AddressDetails" time="0.0">
    <skipped/>
  </testcase> <!-- AddressDetails -->
  <testcase classname="testCases.LoginTestCase" name="verifyLogin" time="0.0">
    <skipped/>
  </testcase> <!-- verifyLogin -->
</testsuite> <!-- Test -->
